<?xml version="1.0" encoding="UTF-8"?>
<testsuite xmlns:xsi="http://www.w3.org/2001/XMLSchema-instance" xsi:noNamespaceSchemaLocation="https://maven.apache.org/surefire/maven-surefire-plugin/xsd/surefire-test-report.xsd" name="repositoryTest.ManagerDaoTest" time="0" tests="1" errors="0" skipped="0" failures="0">
  <properties>
    <property name="java.specification.version" value="15"/>
    <property name="sun.cpu.isalist" value="amd64"/>
    <property name="sun.jnu.encoding" value="Cp1252"/>
    <property name="java.class.path" value="C:\Users\30746\Desktop\Revature Java 3.1\Git hub\Robbie-Weeks\ERS\target\test-classes;C:\Users\30746\Desktop\Revature Java 3.1\Git hub\Robbie-Weeks\ERS\target\classes;C:\Users\30746\.m2\repository\org\postgresql\postgresql\42.2.18\postgresql-42.2.18.jar;C:\Users\30746\.m2\repository\org\checkerframework\checker-qual\3.5.0\checker-qual-3.5.0.jar;C:\Users\30746\.m2\repository\javax\servlet\javax.servlet-api\4.0.1\javax.servlet-api-4.0.1.jar;C:\Users\30746\.m2\repository\com\fasterxml\jackson\core\jackson-databind\2.12.3\jackson-databind-2.12.3.jar;C:\Users\30746\.m2\repository\com\fasterxml\jackson\core\jackson-annotations\2.12.3\jackson-annotations-2.12.3.jar;C:\Users\30746\.m2\repository\com\fasterxml\jackson\core\jackson-core\2.12.3\jackson-core-2.12.3.jar;C:\Users\30746\.m2\repository\junit\junit\4.13.1\junit-4.13.1.jar;C:\Users\30746\.m2\repository\org\hamcrest\hamcrest-core\1.3\hamcrest-core-1.3.jar;C:\Users\30746\.m2\repository\org\mockito\mockito-core\3.9.0\mockito-core-3.9.0.jar;C:\Users\30746\.m2\repository\net\bytebuddy\byte-buddy\1.10.20\byte-buddy-1.10.20.jar;C:\Users\30746\.m2\repository\net\bytebuddy\byte-buddy-agent\1.10.20\byte-buddy-agent-1.10.20.jar;C:\Users\30746\.m2\repository\org\objenesis\objenesis\3.2\objenesis-3.2.jar;C:\Users\30746\.m2\repository\log4j\log4j\1.2.17\log4j-1.2.17.jar;C:\Users\30746\.m2\repository\org\apache\tomcat\tomcat-catalina\9.0.45\tomcat-catalina-9.0.45.jar;C:\Users\30746\.m2\repository\org\apache\tomcat\tomcat-servlet-api\9.0.45\tomcat-servlet-api-9.0.45.jar;C:\Users\30746\.m2\repository\org\apache\tomcat\tomcat-jsp-api\9.0.45\tomcat-jsp-api-9.0.45.jar;C:\Users\30746\.m2\repository\org\apache\tomcat\tomcat-el-api\9.0.45\tomcat-el-api-9.0.45.jar;C:\Users\30746\.m2\repository\org\apache\tomcat\tomcat-juli\9.0.45\tomcat-juli-9.0.45.jar;C:\Users\30746\.m2\repository\org\apache\tomcat\tomcat-annotations-api\9.0.45\tomcat-annotations-api-9.0.45.jar;C:\Users\30746\.m2\repository\org\apache\tomcat\tomcat-api\9.0.45\tomcat-api-9.0.45.jar;C:\Users\30746\.m2\repository\org\apache\tomcat\tomcat-jni\9.0.45\tomcat-jni-9.0.45.jar;C:\Users\30746\.m2\repository\org\apache\tomcat\tomcat-coyote\9.0.45\tomcat-coyote-9.0.45.jar;C:\Users\30746\.m2\repository\org\apache\tomcat\tomcat-util\9.0.45\tomcat-util-9.0.45.jar;C:\Users\30746\.m2\repository\org\apache\tomcat\tomcat-util-scan\9.0.45\tomcat-util-scan-9.0.45.jar;C:\Users\30746\.m2\repository\org\apache\tomcat\tomcat-jaspic-api\9.0.45\tomcat-jaspic-api-9.0.45.jar;"/>
    <property name="java.vm.vendor" value="Oracle Corporation"/>
    <property name="sun.arch.data.model" value="64"/>
    <property name="user.variant" value=""/>
    <property name="java.vendor.url" value="https://java.oracle.com/"/>
    <property name="user.timezone" value="America/Los_Angeles"/>
    <property name="os.name" value="Windows 10"/>
    <property name="java.vm.specification.version" value="15"/>
    <property name="sun.java.launcher" value="SUN_STANDARD"/>
    <property name="user.country" value="US"/>
    <property name="sun.boot.library.path" value="E:\sts-4.9.0.RELEASE\plugins\org.eclipse.justj.openjdk.hotspot.jre.full.win32.x86_64_15.0.1.v20201027-0507\jre\bin"/>
    <property name="sun.java.command" value="C:\Users\30746\AppData\Local\Temp\surefire7224481788250849687\surefirebooter11347963276620869187.jar C:\Users\30746\AppData\Local\Temp\surefire7224481788250849687 2021-05-20T16-06-12_908-jvmRun1 surefire16439096254735049019tmp surefire_014491934621329101266tmp"/>
    <property name="jdk.debug" value="release"/>
    <property name="surefire.test.class.path" value="C:\Users\30746\Desktop\Revature Java 3.1\Git hub\Robbie-Weeks\ERS\target\test-classes;C:\Users\30746\Desktop\Revature Java 3.1\Git hub\Robbie-Weeks\ERS\target\classes;C:\Users\30746\.m2\repository\org\postgresql\postgresql\42.2.18\postgresql-42.2.18.jar;C:\Users\30746\.m2\repository\org\checkerframework\checker-qual\3.5.0\checker-qual-3.5.0.jar;C:\Users\30746\.m2\repository\javax\servlet\javax.servlet-api\4.0.1\javax.servlet-api-4.0.1.jar;C:\Users\30746\.m2\repository\com\fasterxml\jackson\core\jackson-databind\2.12.3\jackson-databind-2.12.3.jar;C:\Users\30746\.m2\repository\com\fasterxml\jackson\core\jackson-annotations\2.12.3\jackson-annotations-2.12.3.jar;C:\Users\30746\.m2\repository\com\fasterxml\jackson\core\jackson-core\2.12.3\jackson-core-2.12.3.jar;C:\Users\30746\.m2\repository\junit\junit\4.13.1\junit-4.13.1.jar;C:\Users\30746\.m2\repository\org\hamcrest\hamcrest-core\1.3\hamcrest-core-1.3.jar;C:\Users\30746\.m2\repository\org\mockito\mockito-core\3.9.0\mockito-core-3.9.0.jar;C:\Users\30746\.m2\repository\net\bytebuddy\byte-buddy\1.10.20\byte-buddy-1.10.20.jar;C:\Users\30746\.m2\repository\net\bytebuddy\byte-buddy-agent\1.10.20\byte-buddy-agent-1.10.20.jar;C:\Users\30746\.m2\repository\org\objenesis\objenesis\3.2\objenesis-3.2.jar;C:\Users\30746\.m2\repository\log4j\log4j\1.2.17\log4j-1.2.17.jar;C:\Users\30746\.m2\repository\org\apache\tomcat\tomcat-catalina\9.0.45\tomcat-catalina-9.0.45.jar;C:\Users\30746\.m2\repository\org\apache\tomcat\tomcat-servlet-api\9.0.45\tomcat-servlet-api-9.0.45.jar;C:\Users\30746\.m2\repository\org\apache\tomcat\tomcat-jsp-api\9.0.45\tomcat-jsp-api-9.0.45.jar;C:\Users\30746\.m2\repository\org\apache\tomcat\tomcat-el-api\9.0.45\tomcat-el-api-9.0.45.jar;C:\Users\30746\.m2\repository\org\apache\tomcat\tomcat-juli\9.0.45\tomcat-juli-9.0.45.jar;C:\Users\30746\.m2\repository\org\apache\tomcat\tomcat-annotations-api\9.0.45\tomcat-annotations-api-9.0.45.jar;C:\Users\30746\.m2\repository\org\apache\tomcat\tomcat-api\9.0.45\tomcat-api-9.0.45.jar;C:\Users\30746\.m2\repository\org\apache\tomcat\tomcat-jni\9.0.45\tomcat-jni-9.0.45.jar;C:\Users\30746\.m2\repository\org\apache\tomcat\tomcat-coyote\9.0.45\tomcat-coyote-9.0.45.jar;C:\Users\30746\.m2\repository\org\apache\tomcat\tomcat-util\9.0.45\tomcat-util-9.0.45.jar;C:\Users\30746\.m2\repository\org\apache\tomcat\tomcat-util-scan\9.0.45\tomcat-util-scan-9.0.45.jar;C:\Users\30746\.m2\repository\org\apache\tomcat\tomcat-jaspic-api\9.0.45\tomcat-jaspic-api-9.0.45.jar;"/>
    <property name="sun.cpu.endian" value="little"/>
    <property name="user.home" value="C:\Users\30746"/>
    <property name="user.language" value="en"/>
    <property name="java.specification.vendor" value="Oracle Corporation"/>
    <property name="java.version.date" value="2020-10-20"/>
    <property name="java.home" value="E:\sts-4.9.0.RELEASE\plugins\org.eclipse.justj.openjdk.hotspot.jre.full.win32.x86_64_15.0.1.v20201027-0507\jre"/>
    <property name="file.separator" value="\"/>
    <property name="style.color" value="always"/>
    <property name="basedir" value="C:\Users\30746\Desktop\Revature Java 3.1\Git hub\Robbie-Weeks\ERS"/>
    <property name="java.vm.compressedOopsMode" value="Zero based"/>
    <property name="line.separator" value="&#10;"/>
    <property name="java.vm.specification.vendor" value="Oracle Corporation"/>
    <property name="java.specification.name" value="Java Platform API Specification"/>
    <property name="surefire.real.class.path" value="C:\Users\30746\AppData\Local\Temp\surefire7224481788250849687\surefirebooter11347963276620869187.jar"/>
    <property name="user.script" value=""/>
    <property name="sun.management.compiler" value="HotSpot 64-Bit Tiered Compilers"/>
    <property name="java.runtime.version" value="15.0.1+9-18"/>
    <property name="user.name" value="30746"/>
    <property name="path.separator" value=";"/>
    <property name="os.version" value="10.0"/>
    <property name="java.runtime.name" value="OpenJDK Runtime Environment"/>
    <property name="file.encoding" value="Cp1252"/>
    <property name="java.vm.name" value="OpenJDK 64-Bit Server VM"/>
    <property name="localRepository" value="C:\Users\30746\.m2\repository"/>
    <property name="java.vendor.url.bug" value="https://bugreport.java.com/bugreport/"/>
    <property name="java.io.tmpdir" value="C:\Users\30746\AppData\Local\Temp\"/>
    <property name="java.version" value="15.0.1"/>
    <property name="user.dir" value="C:\Users\30746\Desktop\Revature Java 3.1\Git hub\Robbie-Weeks\ERS"/>
    <property name="os.arch" value="amd64"/>
    <property name="java.vm.specification.name" value="Java Virtual Machine Specification"/>
    <property name="sun.os.patch.level" value=""/>
    <property name="java.library.path" value="E:\sts-4.9.0.RELEASE\plugins\org.eclipse.justj.openjdk.hotspot.jre.full.win32.x86_64_15.0.1.v20201027-0507\jre\bin;C:\WINDOWS\Sun\Java\bin;C:\WINDOWS\system32;C:\WINDOWS;E:/sts-4.9.0.RELEASE//plugins/org.eclipse.justj.openjdk.hotspot.jre.full.win32.x86_64_15.0.1.v20201027-0507/jre/bin/server;E:/sts-4.9.0.RELEASE//plugins/org.eclipse.justj.openjdk.hotspot.jre.full.win32.x86_64_15.0.1.v20201027-0507/jre/bin;C:\Python39\Scripts\;C:\Python39\;C:\Program Files (x86)\Common Files\Oracle\Java\javapath;C:\WINDOWS\system32;C:\WINDOWS;C:\WINDOWS\System32\Wbem;C:\WINDOWS\System32\WindowsPowerShell\v1.0\;C:\WINDOWS\System32\OpenSSH\;C:\Program Files\Java\jdk\bin;C:\Program Files\Java\jre\bin;C:\Program Files\nodejs\;C:\ProgramData\chocolatey\bin;C:\Program Files\Git\cmd;C:\Program Files\ojdkbuild\java-1.8.0-openjdk-1.8.0.282-1\bin;C:\Program Files\ojdkbuild\java-1.8.0-openjdk-1.8.0.282-1\jre\bin;C:\Users\30746\scoop\apps\maven\current\bin;C:\Users\30746\scoop\apps\nodejs\current\bin;C:\Users\30746\scoop\apps\nodejs\current;C:\Users\30746\scoop\shims;C:\Users\30746\AppData\Local\Microsoft\WindowsApps;D:\Microsoft VS Code\bin;%JBOSS_HOME%\bin;C:\Users\30746\AppData\Roaming\npm;E:\sts-4.9.0.RELEASE;;."/>
    <property name="java.vm.info" value="mixed mode"/>
    <property name="java.vendor" value="Oracle Corporation"/>
    <property name="java.vm.version" value="15.0.1+9-18"/>
    <property name="sun.io.unicode.encoding" value="UnicodeLittle"/>
    <property name="java.class.version" value="59.0"/>
  </properties>
  <testcase name="testRequestAction" classname="repositoryTest.ManagerDaoTest" time="0"/>
</testsuite>